Build started 5/16/2016 5:42:55 PM.
     1>Project "C:\Users\Erik\Desktop\Ball Bouncers\Pong.vcxproj" on node 2 (Build target(s)).
     1>ClCompile:
         C:\Program Files (x86)\Microsoft Visual Studio 11.0\VC\bin\CL.exe /c /Zi /nologo /W3 /WX- /O2 /Oi /Oy- /GL /D _MBCS /Gm- /EHsc /MD /GS /Gy /fp:precise /Zc:wchar_t /Zc:forScope /Fo"Release\\" /Fd"Release\vc110.pdb" /Gd /TP /analyze- /errorReport:prompt Ball.cpp main.cpp Map.cpp Paddle.cpp
         Ball.cpp
     1>Ball.cpp(24): warning C4018: '<' : signed/unsigned mismatch
     1>Ball.cpp(36): warning C4018: '<' : signed/unsigned mismatch
     1>Ball.cpp(45): warning C4018: '>=' : signed/unsigned mismatch
     1>Ball.cpp(59): warning C4018: '>=' : signed/unsigned mismatch
         main.cpp
     1>main.cpp(44): warning C4018: '<' : signed/unsigned mismatch
     1>main.cpp(59): warning C4018: '<' : signed/unsigned mismatch
     1>main.cpp(121): warning C4018: '<' : signed/unsigned mismatch
     1>main.cpp(152): warning C4018: '<' : signed/unsigned mismatch
     1>main.cpp(163): warning C4244: 'argument' : conversion from 'time_t' to 'unsigned int', possible loss of data
     1>main.cpp(305): warning C4018: '<' : signed/unsigned mismatch
         Map.cpp
     1>Map.cpp(47): warning C4018: '<' : signed/unsigned mismatch
         Paddle.cpp
     1>Paddle.cpp(94): warning C4018: '<' : signed/unsigned mismatch
     1>Paddle.cpp(110): warning C4018: '<' : signed/unsigned mismatch
     1>Paddle.cpp(126): warning C4018: '<' : signed/unsigned mismatch
     1>Paddle.cpp(142): warning C4018: '<' : signed/unsigned mismatch
     1>Paddle.cpp(188): warning C4018: '<' : signed/unsigned mismatch
       Link:
         C:\Program Files (x86)\Microsoft Visual Studio 11.0\VC\bin\link.exe /ERRORREPORT:PROMPT /OUT:"C:\Users\Erik\Desktop\Ball Bouncers\Release\Pong.exe" /NOLOGO kernel32.lib user32.lib gdi32.lib winspool.lib comdlg32.lib advapi32.lib shell32.lib ole32.lib oleaut32.lib uuid.lib odbc32.lib odbccp32.lib /MANIFEST /MANIFESTUAC:"level='asInvoker' uiAccess='false'" /manifest:embed /DEBUG /PDB:"C:\Users\Erik\Desktop\Ball Bouncers\Release\Pong.pdb" /OPT:REF /OPT:ICF /LTCG /TLBID:1 /DYNAMICBASE /NXCOMPAT /IMPLIB:"C:\Users\Erik\Desktop\Ball Bouncers\Release\Pong.lib" /MACHINE:X86 /SAFESEH Release\Ball.obj
         Release\main.obj
         Release\Map.obj
         Release\Paddle.obj
         Generating code
         Finished generating code
         Pong.vcxproj -> C:\Users\Erik\Desktop\Ball Bouncers\Release\Pong.exe
     1>Done Building Project "C:\Users\Erik\Desktop\Ball Bouncers\Pong.vcxproj" (Build target(s)).

Build succeeded.

Time Elapsed 00:00:04.24
